<?xml version="1.0" encoding="UTF-8"?>
<testsuite xmlns:xsi="http://www.w3.org/2001/XMLSchema-instance" xsi:noNamespaceSchemaLocation="https://maven.apache.org/surefire/maven-surefire-plugin/xsd/surefire-test-report.xsd" name="com.mobiquityinc.packer.PackerTest" time="0.035" tests="2" errors="0" skipped="0" failures="0">
  <properties>
[...]
</properties>
  <testcase name="checkRightThingsArePacked" classname="com.mobiquityinc.packer.PackerTest" time="0.027"/>
  <testcase name="checkNoFileThrowsException" classname="com.mobiquityinc.packer.PackerTest" time="0.003"/>
</testsuite>